0 info it worked if it ends with ok
1 verbose cli [ '/Users/andyporter/.nvm/versions/node/v6.2.2/bin/node',
1 verbose cli   '/Users/andyporter/.nvm/versions/node/v6.2.2/bin/npm',
1 verbose cli   'run',
1 verbose cli   'dev' ]
2 info using npm@3.9.5
3 info using node@v6.2.2
4 verbose run-script [ 'predev', 'dev', 'postdev' ]
5 info lifecycle @~predev: @
6 silly lifecycle @~predev: no script for predev, continuing
7 info lifecycle @~dev: @
8 verbose lifecycle @~dev: unsafe-perm in lifecycle true
9 verbose lifecycle @~dev: PATH: /Users/andyporter/.nvm/versions/node/v6.2.2/lib/node_modules/npm/bin/node-gyp-bin:/Users/andyporter/Documents/prototype-kit-examples/node_modules/.bin:/Users/andyporter/.nvm/versions/node/v6.2.2/bin:/Users/andyporter/.yarn/bin:/Users/andyporter/.config/yarn/global/node_modules/.bin:/Users/andyporter/.nvm/versions/node/v6.2.2/bin:/usr/local/bin:/usr/local/bin:/Users/andyporter/.rvm/gems/ruby-2.1.2/bin:/Users/andyporter/.rvm/gems/ruby-2.1.2@global/bin:/Users/andyporter/.rvm/rubies/ruby-2.1.2/bin:/Library/Frameworks/Python.framework/Versions/2.7/bin:/usr/bin:/bin:/usr/sbin:/sbin:/usr/local/bin:/Users/andyporter/.rvm/bin
10 verbose lifecycle @~dev: CWD: /Users/andyporter/Documents/prototype-kit-examples
11 silly lifecycle @~dev: Args: [ '-c', 'govuk-prototype-kit dev' ]
12 silly lifecycle @~dev: Returned: code: 1  signal: null
13 info lifecycle @~dev: Failed to exec dev script
14 verbose stack Error: @ dev: `govuk-prototype-kit dev`
14 verbose stack Exit status 1
14 verbose stack     at EventEmitter.<anonymous> (/Users/andyporter/.nvm/versions/node/v6.2.2/lib/node_modules/npm/lib/utils/lifecycle.js:245:16)
14 verbose stack     at emitTwo (events.js:106:13)
14 verbose stack     at EventEmitter.emit (events.js:191:7)
14 verbose stack     at ChildProcess.<anonymous> (/Users/andyporter/.nvm/versions/node/v6.2.2/lib/node_modules/npm/lib/utils/spawn.js:24:14)
14 verbose stack     at emitTwo (events.js:106:13)
14 verbose stack     at ChildProcess.emit (events.js:191:7)
14 verbose stack     at maybeClose (internal/child_process.js:852:16)
14 verbose stack     at Process.ChildProcess._handle.onexit (internal/child_process.js:215:5)
15 verbose pkgid @
16 verbose cwd /Users/andyporter/Documents/prototype-kit-examples
17 error Darwin 22.4.0
18 error argv "/Users/andyporter/.nvm/versions/node/v6.2.2/bin/node" "/Users/andyporter/.nvm/versions/node/v6.2.2/bin/npm" "run" "dev"
19 error node v6.2.2
20 error npm  v3.9.5
21 error code ELIFECYCLE
22 error @ dev: `govuk-prototype-kit dev`
22 error Exit status 1
23 error Failed at the @ dev script 'govuk-prototype-kit dev'.
23 error Make sure you have the latest version of node.js and npm installed.
23 error If you do, this is most likely a problem with the  package,
23 error not with npm itself.
23 error Tell the author that this fails on your system:
23 error     govuk-prototype-kit dev
23 error You can get information on how to open an issue for this project with:
23 error     npm bugs
23 error Or if that isn't available, you can get their info via:
23 error     npm owner ls
23 error There is likely additional logging output above.
24 verbose exit [ 1, true ]
